	Exporter version: 4.6.1, Blender version: 2.78 (sub 0)
========= Conversion from Blender to Babylon.js =========
	Scene settings used:
		selected layers only:  false
		flat shading entire scene:  false
		inline textures:  false
		texture directory:  D:\code\babylonrpg\assets\\models\\building\
	Python World class constructor completed
	WARNING: No active camera has been assigned, or is not in a currently selected Blender layer
	processing begun of mesh:  tree
		WARNING: No materials have been assigned: 
		num positions      :  852
		num normals        :  852
		num uvs            :  0
		num uvs2           :  0
		num colors         :  3408
		num indices        :  4860
========= Writing of scene file started =========
========= Writing of scene file completed =========
========= end of processing =========
elapsed time:  0 min, 0.0892 secs
