	Exporter version: 4.6.1, Blender version: 2.78 (sub 0)
========= Conversion from Blender to Babylon.js =========
	Scene settings used:
		selected layers only:  false
		flat shading entire scene:  false
		inline textures:  false
		texture directory:  D:\code\babylonrpg\assets\
	Python World class constructor completed
	WARNING: No active camera has been assigned, or is not in a currently selected Blender layer
	processing begun of mesh:  bugsports.002
		WARNING: No materials have been assigned: 
		num positions      :  22810
		num normals        :  22810
		num uvs            :  0
		num uvs2           :  0
		num colors         :  91240
		num indices        :  88143
	processing begun of mesh:  bugsports.001
		WARNING: No materials have been assigned: 
		num positions      :  0
		num normals        :  0
		num uvs            :  0
		num uvs2           :  0
		num colors         :  0
		num indices        :  0
	processing begun of mesh:  bugsports
		WARNING: No materials have been assigned: 
		num positions      :  0
		num normals        :  0
		num uvs            :  0
		num uvs2           :  0
		num colors         :  0
		num indices        :  0
========= Writing of scene file started =========
========= Writing of scene file completed =========
========= end of processing =========
elapsed time:  0 min, 0.946 secs
