	Exporter version: 4.6.1, Blender version: 2.78 (sub 0)
========= Conversion from Blender to Babylon.js =========
	Scene settings used:
		selected layers only:  false
		flat shading entire scene:  false
		inline textures:  false
		texture directory:  D:\code\babylonrpg\assets\
	Python World class constructor completed
	WARNING: No active camera has been assigned, or is not in a currently selected Blender layer
	processing begun of mesh:  deusvult.005
		animation processing begun
			processing action deusvult.005Action:  in[0 - 10], out[0 - 10]
			processing action deusvult.006Action:  in[0 - 10], out[20 - 30]
			processing action deusvult.009Action:  in[0 - 10], out[40 - 50]
		WARNING: No materials have been assigned: 
		num positions      :  194
		num normals        :  194
		num uvs            :  0
		num uvs2           :  0
		num colors         :  776
		num indices        :  888
	processing begun of mesh:  deusvult.011
		WARNING: No materials have been assigned: 
		num positions      :  54
		num normals        :  54
		num uvs            :  0
		num uvs2           :  0
		num colors         :  216
		num indices        :  312
	processing begun of mesh:  deusvult.009
		animation processing begun
			processing action deusvult.005Action:  in[0 - 10], out[0 - 10]
			processing action deusvult.006Action:  in[0 - 10], out[20 - 30]
			processing action deusvult.009Action:  in[0 - 10], out[40 - 50]
		WARNING: No materials have been assigned: 
		num positions      :  24
		num normals        :  24
		num uvs            :  0
		num uvs2           :  0
		num colors         :  96
		num indices        :  132
	processing begun of mesh:  deusvult.008
		WARNING: No materials have been assigned: 
		num positions      :  40
		num normals        :  40
		num uvs            :  0
		num uvs2           :  0
		num colors         :  160
		num indices        :  180
	processing begun of mesh:  deusvult.006
		animation processing begun
			processing action deusvult.005Action:  in[0 - 10], out[0 - 10]
			processing action deusvult.006Action:  in[0 - 10], out[20 - 30]
			processing action deusvult.009Action:  in[0 - 10], out[40 - 50]
		WARNING: No materials have been assigned: 
		num positions      :  24
		num normals        :  24
		num uvs            :  0
		num uvs2           :  0
		num colors         :  96
		num indices        :  132
	processing begun of mesh:  deusvult.007
		WARNING: No materials have been assigned: 
		num positions      :  40
		num normals        :  40
		num uvs            :  0
		num uvs2           :  0
		num colors         :  160
		num indices        :  180
	processing begun of mesh:  deusvult.013
		WARNING: No materials have been assigned: 
		num positions      :  37
		num normals        :  37
		num uvs            :  0
		num uvs2           :  0
		num colors         :  148
		num indices        :  147
	processing begun of mesh:  deusvult.004
		WARNING: No materials have been assigned: 
		num positions      :  117
		num normals        :  117
		num uvs            :  0
		num uvs2           :  0
		num colors         :  468
		num indices        :  552
	processing begun of mesh:  deusvult.001
		WARNING: No materials have been assigned: 
		num positions      :  34
		num normals        :  34
		num uvs            :  0
		num uvs2           :  0
		num colors         :  136
		num indices        :  192
	processing begun of mesh:  deusvult.012
		WARNING: No materials have been assigned: 
		num positions      :  118
		num normals        :  118
		num uvs            :  0
		num uvs2           :  0
		num colors         :  472
		num indices        :  636
	processing begun of mesh:  deusvult.002
		WARNING: No materials have been assigned: 
		num positions      :  34
		num normals        :  34
		num uvs            :  0
		num uvs2           :  0
		num colors         :  136
		num indices        :  192
	processing begun of mesh:  deusvult.010
		WARNING: No materials have been assigned: 
		num positions      :  99
		num normals        :  99
		num uvs            :  0
		num uvs2           :  0
		num colors         :  396
		num indices        :  438
========= Writing of scene file started =========
========= Writing of scene file completed =========
========= end of processing =========
elapsed time:  0 min, 0.0531 secs
