	Exporter version: 4.6.1, Blender version: 2.78 (sub 0)
========= Conversion from Blender to Babylon.js =========
	Scene settings used:
		selected layers only:  false
		flat shading entire scene:  false
		inline textures:  false
		texture directory:  D:\code\babylonrpg\assets\
	Python World class constructor completed
	WARNING: No active camera has been assigned, or is not in a currently selected Blender layer
	processing begun of mesh:  shouse
		processing begun of Standard material:  palette
			Diffuse texture found "Kd"
				Image texture found, type:  diffuseTexture, mapped using: "UVMap"
	WARNING: Error encountered processing image file:  , Error:  'D:\\code\\babylonrpg\\assets\\shouse.png' and 'D:\\code\\babylonrpg\\assets\\shouse.png' are the same file
		num positions      :  16631
		num normals        :  16631
		num uvs            :  33262
		num uvs2           :  0
		num colors         :  66524
		num indices        :  31002
========= Writing of scene file started =========
========= Writing of scene file completed =========
========= end of processing =========
elapsed time:  0 min, 0.5199 secs
